user1.Initial- user1.ArriveFloorIN+
elevator.Initial- elevator.neutral+
user1.ArriveFloorIN- -CallUp-▶ user1.calling+
user1.calling- user1.waiting+
elevator.neutral- elevator.callreceived+
elevator.callreceived- -CallDecision-▶ elevator.decision+ elevator.decision.Initial+
elevator.decision.Initial+ -AnyCalls-▶ elevator.goingup+
elevator.goingup- -GoUpaFloor-▶ elevator.goingup+
elevator.goingup- -ReachFloor-▶ elevator.neutral+
elevator.neutral- -OpenDoors-▶  elevator.neutral+
elevator.neutral- -AllowPassengers-▶  elevator.neutral+
user1.waiting- -EnterElevator-▶ user1.in+
user1.in+ -CallCarFloor-▶ user1.in+
elevator.neutral- -CloseDoors-▶ elevator.neutral+
elevator.neutral- -StartMove-▶ elevator.goingdown+
elevator.goingdown- -GoDownaFloor-▶ elevator.neutral+
elevator.goingdown- -ReachFloor-▶ elevator.neutral+
elevator.neutral- -OpenDoors-▶  elevator.neutral+
elevator.neutral- -AllowPassengers-▶  elevator.neutral+
user1.in- user1.ArriveFloorOUT+
user1.ArriveFloorOUT- user1.Final+